
 <SPHYSICS>  Copyright (C) <2009>
 <Prof. Robert Dalrymple, Prof. M. Gomez Gesteira, 
 Dr Benedict Rogers, Dr Alejandro Crespo, 
 Dr Muthukumar Narayanaswamy, Dr Shan Zou, & Dr Andrea Panizzo >
 This program comes with ABSOLUTELY NO WARRANTY;    
 This is free software, and you are welcome to      
 redistribute it under conditions stated in         
 the GPL License;                                   

  ---    SPHYSICSgen_2D.F     ---
  ---   GENERATING GEOMETRY   ---
  ---   Distributed under     ---
  ---    the GPL License      ---

 Choose Starting options:   Start new RUN = 0 
                        : Restart old RUN = 1 
      with CheckPointing:   Start new RUN = 2 
                        : Restart old RUN = 3 
           0
 Choose KERNEL
 Gaussian        = 1
 Quadratic       = 2
 Cubic- Spline   = 3
 Quintic Wendland= 5
           5
 Choose ALGORITHM
 Predictor- Corrector = 1
 Verlet               = 2
 Symplectic           = 3
 Beeman               = 4
           1
  Use Density filter (0=no, 1=Shepard, 2=MLS) ??
           2
  ndt_FilterPerform ? 
          30
  Use kernel & gradient correction ??
  0=no, 1= Kernel correction,                           2= Gradient kernel correction
           0
 Kind of viscosity  ??
  (1) Artificial (2) Laminar (3) Laminar +SPS
           1
 Alpha  ??
  1.00000005E-03
 vorticity printing ? (1=yes)
           0

  Choose Equation of State (EoS)
  1: Weakly Compressible Fluid (Taits equation)
  2: Ideal Gas Equation
  3: Weakly Compressible Fluid (Morris equation)
  4: Incompressible Fluid (Poissons equation)
 i_EoS           1
  Maximum Depth in the simulation, h_SWL
   8.0000000    
  Coefficient of Speed of sound ( 10 , 40 ) ??
   10.000000    
  B=coef2*rho0*g*(h_SWL)/7.0 =   1121142.9    
  Co=   10.000000     *V=   88.588943    
 Choose Boundary Type
 Monaghan & Kos (1999) = 1
 Dalrymple & Knio (2001) = 2
           2
  Use Hughes & Graham (2009) correction ?  
  ndt_DBCPerform ? (1 means no correction) 
          15
  Geometry of the zone
  (1) BOX 
  (2) BEACH 
  (3) EXTERNALLY FIXED GEOMETRY 
           1
 Fluid Particle Lattice Structure ??
  (1) SC; (2) BCC
 Lattice Type =            2

 --- Generating 2-D Box ---

  Box dimension LX,LZ?
   8.0000000       8.0000000    
  Spacing dx,dz?
  5.00000000000000028E-002  5.00000000000000028E-002
  Inclination of floor in X ( beta ) ?? 
   0.0000000    
  Dimension (pixels)         160           0         160

  Enter Periodicity Information:
  Add Periodic Lateral boundaries
  in X, Y, & Z-Directions ? (1=yes)

 i_periodicOBs
 X-Direction:            0
 Y-Direction:            0
 Z-Direction:            0
 Left  wall (x = x1) starts at            1
 Right wall (x = x2) starts at          323
 Bottom boundary starts at                  645
  Add wall inside the box (1=y)
           0
  Add obstacle inside the box (1=y)
           1
 Choose rectangular (1) or trapezoid (2) 
 i_obstacleShape            1
  Which kind of obstacle
  (1) Solid 
  (2) With Solid Walls
           1
  Density of points
           1
  Cube containing particles
  XMin, Xmax ??
   4.0000000000000000        7.9500000000000002     
  ZMin, Zmax ??
  5.00000000000000028E-002   2.0000000000000000     
  slope in X direction??
   90.000000    
 Npnts x/y/z          80           1          40
 Beginning of obstacle at          964
 End of obstacle at         7363
  Add another obstacle inside the beach (1=y)
           0
 No of B. Fixed Particles        7363
  Add wavemaker inside the box (1=y)
           0
  Add gate inside the box (1=y)
           0

  Add Floating Bodies (1=yes) ?
           0
 nbfm         7363
 No of B. Particles        7363
 Initial conditions
 1) Set of particles without grid
 2) Fill a square shaped region 
 3) Round shaped drop  
   Which Initial condition ??
           2
  Correct pressure at boundaries ?? (1=y)
           0
  Cube containing particles
  XMin, Xmax ??
  5.00000000000000028E-002   3.5000000000000000     
  ZMin, Zmax ??
  5.00000000000000028E-002   7.5000000000000000     

 XXmin_initial   5.00000000000000028E-002
 XXmax_initial    3.5000000    
 ZZmin_initial   5.00000007E-02
 ZZmax_initial    7.5000000    

 Recalculated max and min X    3.5000000000000000       5.00000000000000028E-002
 Recalculated max and min Y    0.0000000       0.0000000    
 Recalculated max and min Z    7.5000000000000000       5.00000000000000028E-002

 i_obstacleShape            1
 iopt_wavemaker             0
 i_paddleType               0
 beta   0.0000000    

  Npnts x/y/z           70           1         150
 Last Particle       28213
  Fill a new region ?? (1=y)
           0
 No of Particles       28213
 End
  please input the tmax and out:
   10.000000      0.10000000    
  initial recording time
   0.0000000    
  For detailed recording during RUN
  step, start, end
  5.00000024E-04   1.0000000      -1.0000000    
 input dt:, Variable time step (1=y)
  9.99999975E-05           1
 CFL number (0.1 - 0.5)
  0.20000000    
  h=coefficient*sqrt(dx*dx+dy*dy+dz*dz)
  Coefficient ??
  0.92000002    

 --- Courant Stability Check ---
 Courant No. Cr =   0.20000000    
 B    =              1121142.9    
 Cmax =              88.588936    
 dtmax:   1.02619008E-04

 --- Viscous Stability Check ---
 Kinematic Viscosity  9.99999997E-07
 Visc =             9.99999997E-07
 dtmax:    4.9504952    

 dt:   9.99999975E-05

  Choose Riemann Solver
  0: None 
  1: Conservative (Vila 1999)
  2: Non-Conservative (Parshikov et al. 2000)
 iRiemannSolver            0

 -- Checking particles initial Positions --
 dx, dz   5.00000000000000028E-002  5.00000000000000028E-002
 dx_thresh   4.99999989E-03
 dz_thresh   4.99999989E-03
 ncx, ncz           64          64
 --> Particle Positions Okay


 Writing IPART file ...

 IPART file written

 Which compiler is desired? 
 Linux: 1 = gfortran, 2 = ifort
 Windows: 3 = ifort, 4 = Silverfrost FTN95
           1

 Enter Desired Precision of XYZ variables
 1 = Single Precision 
 2 = Double Precision 
           1
 Single Precision kind number is            4
 Opening source\SPHYSICS2D\precision_kind.2D, 

 nbf          7363
 nbfm         7363
 nb           7363
 np          28213
Generated np =      28213 particles in   0.02 seconds
